\BOOKMARK [-1][-]{part.1}{I\040Foreword}{}% 1
\BOOKMARK [0][-]{chapter.1}{Foreword}{part.1}% 2
\BOOKMARK [-1][-]{part.2}{II\040Introduction}{}% 3
\BOOKMARK [0][-]{chapter.2}{Introduction}{part.2}% 4
\BOOKMARK [1][-]{section.2.1}{Background}{chapter.2}% 5
\BOOKMARK [2][-]{subsection.2.1.1}{Climate\040change\040and\040the\040MFMod\040system}{section.2.1}% 6
\BOOKMARK [1][-]{section.2.2}{Early\040steps\040to\040bring\040the\040MFMod\040system\040to\040the\040broader\040economics\040community}{chapter.2}% 7
\BOOKMARK [1][-]{section.2.3}{Moving\040the\040framework\040to\040an\040open-source\040footing}{chapter.2}% 8
\BOOKMARK [-1][-]{part.3}{III\040Macrostructural\040Models}{}% 9
\BOOKMARK [0][-]{chapter.3}{Macrostructural\040models}{part.3}% 10
\BOOKMARK [1][-]{section.3.1}{A\040system\040of\040equations}{chapter.3}% 11
\BOOKMARK [1][-]{section.3.2}{Behavioural\040equations}{chapter.3}% 12
\BOOKMARK [0][-]{chapter.4}{Modelflow\040and\040the\040MFMod\040models\040of\040the\040World\040Bank}{part.3}% 13
\BOOKMARK [1][-]{section.4.1}{A\040brief\040history\040of\040ModelFlow}{chapter.4}% 14
\BOOKMARK [-1][-]{part.4}{IV\040Installation\040of\040modelflow}{}% 15
\BOOKMARK [0][-]{chapter.5}{Installation\040of\040Modelflow}{part.4}% 16
\BOOKMARK [1][-]{section.5.1}{Installation\040of\040Python}{chapter.5}% 17
\BOOKMARK [2][-]{subsection.5.1.1}{Installation\040of\040Anaconda\040under\040Windows}{section.5.1}% 18
\BOOKMARK [2][-]{subsection.5.1.2}{Installation\040of\040Python\040under\040macOS}{section.5.1}% 19
\BOOKMARK [2][-]{subsection.5.1.3}{Installation\040of\040Python\040under\040Linux}{section.5.1}% 20
\BOOKMARK [0][-]{chapter.6}{Installation\040of\040Modelflow}{part.4}% 21
\BOOKMARK [1][-]{section.6.1}{Installation\040of\040modelflow\040under\040Anaconda}{chapter.6}% 22
\BOOKMARK [0][-]{chapter.7}{Testing\040your\040installation\040of\040modelflow}{part.4}% 23
\BOOKMARK [1][-]{section.7.1}{Specifying\040the\040model}{chapter.7}% 24
\BOOKMARK [1][-]{section.7.2}{Create\040some\040data}{chapter.7}% 25
\BOOKMARK [1][-]{section.7.3}{Putting\040it\040together}{chapter.7}% 26
\BOOKMARK [1][-]{section.7.4}{Create\040a\040scenario\040and\040run\040again}{chapter.7}% 27
\BOOKMARK [1][-]{section.7.5}{Inspect\040results}{chapter.7}% 28
\BOOKMARK [2][-]{subsection.7.5.1}{Graphical\040representations\040of\040results}{section.7.5}% 29
\BOOKMARK [3][-]{subsubsection*.3}{The\040.dif.plot\(\)\040method}{subsection.7.5.1}% 30
\BOOKMARK [3][-]{subsubsection*.4}{Using\040the\040kept\040solutions}{subsection.7.5.1}% 31
\BOOKMARK [2][-]{subsection.7.5.2}{Textual\040and\040tabular\040display\040of\040results}{section.7.5}% 32
\BOOKMARK [3][-]{subsubsection*.5}{The\040.dif.df\040method}{subsection.7.5.2}% 33
\BOOKMARK [3][-]{subsubsection*.6}{The\040.difpct.df\040method}{subsection.7.5.2}% 34
\BOOKMARK [2][-]{subsection.7.5.3}{Interactive\040display\040of\040impacts}{section.7.5}% 35
\BOOKMARK [-1][-]{part.5}{V\040Some\040Jupyter,\040Python\040and\040pandas\040essentials}{}% 36
\BOOKMARK [0][-]{chapter.8}{Introduction\040to\040Jupyter\040Notebook}{part.5}% 37
\BOOKMARK [1][-]{section.8.1}{The\040idea\040of\040the\040notebook}{chapter.8}% 38
\BOOKMARK [1][-]{section.8.2}{Jupter\040Notebook\040cells}{chapter.8}% 39
\BOOKMARK [1][-]{section.8.3}{Execution\040of\040cells}{chapter.8}% 40
\BOOKMARK [2][-]{subsection.8.3.1}{Execution\040of\040code\040cells}{section.8.3}% 41
\BOOKMARK [3][-]{subsubsection*.7}{\376\377\000t\000h\000e\000\040\000s\000e\000m\000i\000-\000c\000o\000l\000o\000n\000\040\040\034\000;\040\035\000\040\000s\000u\000p\000r\000e\000s\000s\000e\000s\000\040\000o\000u\000t\000p\000u\000t\000\040\000i\000n\000\040\000J\000N}{subsection.8.3.1}% 42
\BOOKMARK [2][-]{subsection.8.3.2}{Auto-complete\040and\040context-sensitive\040help}{section.8.3}% 43
\BOOKMARK [1][-]{section.8.4}{The\040markdown\040scripting\040language\040in\040JN}{chapter.8}% 44
\BOOKMARK [2][-]{subsection.8.4.1}{Common\040markdown\040commands}{section.8.4}% 45
\BOOKMARK [2][-]{subsection.8.4.2}{Tables\040in\040markdown}{section.8.4}% 46
\BOOKMARK [2][-]{subsection.8.4.3}{links\040to\040mire\040info\040on\040markdown}{section.8.4}% 47
\BOOKMARK [1][-]{section.8.5}{Rendering\040mathematics\040in\040markdown}{chapter.8}% 48
\BOOKMARK [1][-]{section.8.6}{How\040to\040add,\040delete\040and\040move\040cells}{chapter.8}% 49
\BOOKMARK [1][-]{section.8.7}{Change\040the\040type\040of\040a\040cell}{chapter.8}% 50
\BOOKMARK [0][-]{chapter.9}{Some\040Python\040basics}{part.5}% 51
\BOOKMARK [1][-]{section.9.1}{Python\040packages,\040libraries\040and\040classes}{chapter.9}% 52
\BOOKMARK [1][-]{section.9.2}{Importing\040packages,\040libraries,\040modules\040and\040classes}{chapter.9}% 53
\BOOKMARK [2][-]{subsection.9.2.1}{import\040specific\040elements\040or\040classes\040from\040a\040module\040or\040library}{section.9.2}% 54
\BOOKMARK [2][-]{subsection.9.2.2}{import\040a\040class\040but\040give\040it\040an\040alias}{section.9.2}% 55
\BOOKMARK [2][-]{subsection.9.2.3}{Standard\040aliases}{section.9.2}% 56
\BOOKMARK [0][-]{chapter.10}{Introduction\040to\040Pandas\040dataframes}{part.5}% 57
\BOOKMARK [0][-]{chapter.11}{Import\040the\040pandas\040library}{part.5}% 58
\BOOKMARK [1][-]{section.11.1}{Pandas\040series}{chapter.11}% 59
\BOOKMARK [2][-]{subsection.11.1.1}{Series\040declared\040from\040a\040list}{section.11.1}% 60
\BOOKMARK [2][-]{subsection.11.1.2}{Series\040declared\040using\040a\040specific\040index}{section.11.1}% 61
\BOOKMARK [2][-]{subsection.11.1.3}{Create\040Series\040from\040a\040dictionary}{section.11.1}% 62
\BOOKMARK [1][-]{section.11.2}{Properties\040and\040methods\040of\040dataframes\040in\040modelflow}{chapter.11}% 63
\BOOKMARK [2][-]{subsection.11.2.1}{The\040pandas\040dataframe}{section.11.2}% 64
\BOOKMARK [2][-]{subsection.11.2.2}{Creating\040or\040instantiating\040a\040dataframe}{section.11.2}% 65
\BOOKMARK [2][-]{subsection.11.2.3}{Adding\040a\040column\040to\040a\040dataframe}{section.11.2}% 66
\BOOKMARK [2][-]{subsection.11.2.4}{Revising\040values}{section.11.2}% 67
\BOOKMARK [1][-]{section.11.3}{Column\040names\040in\040Modelflow}{chapter.11}% 68
\BOOKMARK [1][-]{section.11.4}{.index\040and\040time\040dimensions\040in\040Modelflow}{chapter.11}% 69
\BOOKMARK [2][-]{subsection.11.4.1}{Leads\040and\040lags}{section.11.4}% 70
\BOOKMARK [2][-]{subsection.11.4.2}{.columns\040lists\040the\040column\040names\040of\040a\040dataframe}{section.11.4}% 71
\BOOKMARK [2][-]{subsection.11.4.3}{.size\040indicates\040the\040dimension\040of\040a\040list}{section.11.4}% 72
\BOOKMARK [2][-]{subsection.11.4.4}{.eval\(\)\040evaluates\040calculates\040an\040expression\040on\040the\040data\040of\040a\040dataframe}{section.11.4}% 73
\BOOKMARK [2][-]{subsection.11.4.5}{.loc[]\040selects\040a\040portion\040\(slice\)\040of\040a\040dataframe}{section.11.4}% 74
\BOOKMARK [3][-]{subsubsection*.8}{.loc[row,column]\040A\040single\040element}{subsection.11.4.5}% 75
\BOOKMARK [3][-]{subsubsection*.9}{.loc[:,column]\040A\040single\040column}{subsection.11.4.5}% 76
\BOOKMARK [3][-]{subsubsection*.10}{.loc[row,:]\040A\040single\040row}{subsection.11.4.5}% 77
\BOOKMARK [3][-]{subsubsection*.11}{\376\377\000.\000l\000o\000c\000[\000:\000,\000[\000n\000a\000m\000e\000s\040\046\000]\000]\000\040\000S\000e\000v\000e\000r\000a\000l\000\040\000c\000o\000l\000u\000m\000n\000s}{subsection.11.4.5}% 78
\BOOKMARK [3][-]{subsubsection*.12}{.loc\040using\040the\040colon\040to\040select\040a\040range}{subsection.11.4.5}% 79
\BOOKMARK [3][-]{subsubsection*.13}{.loc[]\040can\040also\040be\040used\040on\040the\040left\040hand\040side\040to\040assign\040values\040to\040specific\040cells}{subsection.11.4.5}% 80
\BOOKMARK [0][-]{chapter.12}{.mfcalc\(\)\040an\040extension\040of\040standard\040Pandas}{part.5}% 81
\BOOKMARK [1][-]{section.12.1}{.mfcalc\040usage}{chapter.12}% 82
\BOOKMARK [1][-]{section.12.2}{workspace\040initialization}{chapter.12}% 83
\BOOKMARK [1][-]{section.12.3}{Create\040a\040simple\040dataframe}{chapter.12}% 84
\BOOKMARK [1][-]{section.12.4}{.mfcalc\(\)\040in\040action}{chapter.12}% 85
\BOOKMARK [2][-]{subsection.12.4.1}{.mfcalc\(\)\040example\040to\040calculate\040a\040new\040series}{section.12.4}% 86
\BOOKMARK [2][-]{subsection.12.4.2}{Recalculate\040A\040so\040it\040grows\040by\0402\040percent}{section.12.4}% 87
\BOOKMARK [2][-]{subsection.12.4.3}{mfcalc\(\),\040the\040showeq\040option}{section.12.4}% 88
\BOOKMARK [2][-]{subsection.12.4.4}{\376\377\000U\000s\000i\000n\000g\000\040\000.\000d\000i\000f\000f\000\040\000\050\003\224\000\051\000\040\000w\000i\000t\000h\000\040\000m\000f\000c\000a\000l\000c}{section.12.4}% 89
\BOOKMARK [2][-]{subsection.12.4.5}{mfcalc\040with\040several\040equations\040and\040arguments}{section.12.4}% 90
\BOOKMARK [2][-]{subsection.12.4.6}{Setting\040a\040time\040frame\040with\040mfcalc.}{section.12.4}% 91
\BOOKMARK [-1][-]{part.6}{VI\040A\040simple\040MFMod-Style\040Model\040in\040modelflow}{}% 92
\BOOKMARK [0][-]{chapter.13}{A\040simple\040macrostructural\040model\040in\040Modelflow}{part.6}% 93
\BOOKMARK [1][-]{section.13.1}{Setting\040up\040the\040environment}{chapter.13}% 94
\BOOKMARK [1][-]{section.13.2}{Load\040a\040pre-existing\040Eviews\040model}{chapter.13}% 95
\BOOKMARK [2][-]{subsection.13.2.1}{\376\377\000L\000o\000a\000d\000\040\000a\000\040\000m\000o\000d\000e\000l\000\040\040\023\000\040\000t\000h\000e\000\040\000m\000e\000t\000h\000o\000d\000\040\000.\000m\000o\000d\000e\000l\000l\000o\000a\000d\000\050\000\051}{section.13.2}% 96
\BOOKMARK [1][-]{section.13.3}{Extract\040information\040about\040the\040model}{chapter.13}% 97
\BOOKMARK [2][-]{subsection.13.3.1}{List\040all\040identities\040in\040the\040model}{section.13.3}% 98
\BOOKMARK [2][-]{subsection.13.3.2}{List\040all\040behavioural\040equations\040in\040the\040model}{section.13.3}% 99
\BOOKMARK [2][-]{subsection.13.3.3}{List\040all\040exogenous\040variables\040in\040the\040model}{section.13.3}% 100
\BOOKMARK [1][-]{section.13.4}{Equations\040in\040a\040modelflow\040model}{chapter.13}% 101
\BOOKMARK [2][-]{subsection.13.4.1}{Identities}{section.13.4}% 102
\BOOKMARK [2][-]{subsection.13.4.2}{Behavioural\040equations:\040Fitted\040Values\040and\040Add\040Factors}{section.13.4}% 103
\BOOKMARK [2][-]{subsection.13.4.3}{Using\040Add\040factors\040when\040forecasting}{section.13.4}% 104
\BOOKMARK [2][-]{subsection.13.4.4}{Extracting\040information\040about\040equations}{section.13.4}% 105
\BOOKMARK [3][-]{subsubsection*.14}{The\040.frml\040method}{subsection.13.4.4}% 106
\BOOKMARK [3][-]{subsubsection*.15}{.frml\040output\040of\040a\040simple\040identity}{subsection.13.4.4}% 107
\BOOKMARK [3][-]{subsubsection*.16}{.frml\040output\040of\040a\040behavioural}{subsection.13.4.4}% 108
\BOOKMARK [4][-]{paragraph*.17}{Automatically\040generated\040variables\040associated\040with\040behavioural\040equations}{subsubsection*.16}% 109
\BOOKMARK [4][-]{paragraph*.18}{Function\040of\040the\040_X\040_D\040variables\040in\040the\040model}{subsubsection*.16}% 110
\BOOKMARK [3][-]{subsubsection*.19}{Passing\040multiple\040variables\040to\040.frml}{subsection.13.4.4}% 111
\BOOKMARK [2][-]{subsection.13.4.5}{The\040mathemetically\040endogenous\040and\040exogenous\040variables\040of\040the\040model}{section.13.4}% 112
\BOOKMARK [3][-]{subsubsection*.20}{The\040mathematically\040endogenous\040variables\040in\040our\040model.}{subsection.13.4.5}% 113
\BOOKMARK [1][-]{section.13.5}{Data\040storage\040in\040modelflow}{chapter.13}% 114
\BOOKMARK [1][-]{section.13.6}{Simulating\040the\040model}{chapter.13}% 115
\BOOKMARK [2][-]{subsection.13.6.1}{Shock\040an\040exogenous\040variable}{section.13.6}% 116
\BOOKMARK [1][-]{section.13.7}{Text-based\040modelflow\040methods\040for\040displaying\040simulation\040results}{chapter.13}% 117
\BOOKMARK [2][-]{subsection.13.7.1}{.dif\040The\040difference\040in\040levels\040between\040solutions}{section.13.7}% 118
\BOOKMARK [2][-]{subsection.13.7.2}{.difpct\040the\040difference\040between\040the\040growth\040rates\040from\040the\040pre-shock\040and\040post-shock\040database}{section.13.7}% 119
\BOOKMARK [2][-]{subsection.13.7.3}{.difpctlevel\040-\040the\040percent\040change\040in\040the\040level\040of\040the\040variable.}{section.13.7}% 120
\BOOKMARK [1][-]{section.13.8}{Graphics-based\040modelflow\040visualization\040methods}{chapter.13}% 121
\BOOKMARK [2][-]{subsection.13.8.1}{Change\040in\040the\040growth\040rates}{section.13.8}% 122
\BOOKMARK [1][-]{section.13.9}{Interactive\040comparisons\040of\040results}{chapter.13}% 123
\BOOKMARK [-1][-]{part.7}{VII\040Using\040modelflow\040with\040World\040Bank\040models}{}% 124
\BOOKMARK [0][-]{chapter.14}{Using\040modelflow\040with\040World\040Bank\040models}{part.7}% 125
\BOOKMARK [0][-]{chapter.15}{Accessing\040a\040world\040bank\040model}{part.7}% 126
\BOOKMARK [0][-]{chapter.16}{Preparing\040your\040python\040environment}{part.7}% 127
\BOOKMARK [0][-]{chapter.17}{Working\040with\040PakMod\040under\040modelflow}{part.7}% 128
\BOOKMARK [1][-]{section.17.1}{Load\040a\040pre-existing\040model,\040data\040and\040descriptions}{chapter.17}% 129
\BOOKMARK [1][-]{section.17.2}{Variables\040in\040World\040Bank\040models}{chapter.17}% 130
\BOOKMARK [1][-]{section.17.3}{Extract\040a\040list\040of\040variables}{chapter.17}% 131
\BOOKMARK [0][-]{chapter.18}{Behavioural\040equations\040in\040the\040MFMod\040framework}{part.7}% 132
\BOOKMARK [1][-]{section.18.1}{The\040ECM\040specification}{chapter.18}% 133
\BOOKMARK [2][-]{subsection.18.1.1}{The\040short\040run\040relationship}{section.18.1}% 134
\BOOKMARK [2][-]{subsection.18.1.2}{The\040long\040run\040equation}{section.18.1}% 135
\BOOKMARK [1][-]{section.18.2}{The\040long\040run\040equation\040in\040the\040steady\040state}{chapter.18}% 136
\BOOKMARK [1][-]{section.18.3}{Putting\040it\040together}{chapter.18}% 137
\BOOKMARK [2][-]{subsection.18.3.1}{Lamda,\040the\040speed\040of\040adjustment}{section.18.3}% 138
\BOOKMARK [0][-]{chapter.19}{Scenario\040analysis}{part.7}% 139
\BOOKMARK [1][-]{section.19.1}{Different\040kinds\040of\040simulations}{chapter.19}% 140
\BOOKMARK [2][-]{subsection.19.1.1}{A\040shock\040to\040an\040exogenous\040variable}{section.19.1}% 141
\BOOKMARK [2][-]{subsection.19.1.2}{Running\040the\040simulation}{section.19.1}% 142
\BOOKMARK [3][-]{subsubsection*.21}{Results}{subsection.19.1.2}% 143
\BOOKMARK [1][-]{section.19.2}{An\040exogenous\040shock\040to\040a\040Behavioural\040variable}{chapter.19}% 144
\BOOKMARK [1][-]{section.19.3}{Temporarily\040exogenize\040a\040behavioural\040variable}{chapter.19}% 145
\BOOKMARK [2][-]{subsection.19.3.1}{Temporary\040shock\040exogenized\040for\040the\040whole\040period}{section.19.3}% 146
\BOOKMARK [2][-]{subsection.19.3.2}{Temporary\040shock\040exogenized\040for\040the\040whole\040period}{section.19.3}% 147
\BOOKMARK [1][-]{section.19.4}{Simulate\040the\040model}{chapter.19}% 148
\BOOKMARK [1][-]{section.19.5}{Access\040results}{chapter.19}% 149
\BOOKMARK [1][-]{section.19.6}{Or\040use\040keep_plot\040to\040make\040more\040bespoken\040charts\040which\040can\040be\040saved\040in\040many\040formats}{chapter.19}% 150
\BOOKMARK [2][-]{subsection.19.6.1}{Differences\040of\040growth\040rates}{section.19.6}% 151
\BOOKMARK [2][-]{subsection.19.6.2}{Differences\040in\040percent\040of\040baseline\040values}{section.19.6}% 152
\BOOKMARK [1][-]{section.19.7}{Some\040variations\040on\040keep_plot\(}{chapter.19}% 153
