\BOOKMARK [-1][-]{part.1}{I\040The\040World\040Bank's\040MFMod\040Framework\040and\040Modelflow}{}% 1
\BOOKMARK [0][-]{chapter.1}{Introduction}{part.1}% 2
\BOOKMARK [1][-]{section.1.1}{The\040MFMod\040Framework\040at\040the\040World\040Bank}{chapter.1}% 3
\BOOKMARK [2][-]{subsection.1.1.1}{Climate\040aware\040version\040of\040MFMod}{section.1.1}% 4
\BOOKMARK [1][-]{section.1.2}{Early\040steps\040to\040bring\040the\040MFMod\040system\040to\040the\040broader\040economics\040community}{chapter.1}% 5
\BOOKMARK [1][-]{section.1.3}{Moving\040the\040framework\040to\040an\040open-source\040footing}{chapter.1}% 6
\BOOKMARK [1][-]{section.1.4}{Macrostructural\040models}{chapter.1}% 7
\BOOKMARK [2][-]{subsection.1.4.1}{A\040system\040of\040equations}{section.1.4}% 8
\BOOKMARK [0][-]{chapter.2}{Modelflow\040and\040the\040MFMod\040models\040of\040the\040World\040Bank}{part.1}% 9
\BOOKMARK [1][-]{section.2.1}{Installation\040of\040Modelflow}{chapter.2}% 10
\BOOKMARK [2][-]{subsection.2.1.1}{Installation\040of\040Python}{section.2.1}% 11
\BOOKMARK [3][-]{subsubsection*.3}{Installation\040of\040Anaconda\040under\040Windows}{subsection.2.1.1}% 12
\BOOKMARK [3][-]{subsubsection*.4}{Installation\040of\040Python\040under\040macOS}{subsection.2.1.1}% 13
\BOOKMARK [3][-]{subsubsection*.5}{Installation\040of\040Python\040under\040Linux}{subsection.2.1.1}% 14
\BOOKMARK [1][-]{section.2.2}{Installation\040of\040Modelflow}{chapter.2}% 15
\BOOKMARK [2][-]{subsection.2.2.1}{Installation\040of\040modelflow\040under\040Anaconda}{section.2.2}% 16
\BOOKMARK [-1][-]{part.2}{II\040Some\040python\040essentials\040for\040using\040WorldBank\040models\040with\040modelflow}{}% 17
\BOOKMARK [0][-]{chapter.3}{Introduction\040to\040Jupyter\040Notebook}{part.2}% 18
\BOOKMARK [1][-]{section.3.1}{Starting\040Jupyter\040Notebook}{chapter.3}% 19
\BOOKMARK [1][-]{section.3.2}{Creating\040a\040notebook}{chapter.3}% 20
\BOOKMARK [1][-]{section.3.3}{Jupter\040Notebook\040cells}{chapter.3}% 21
\BOOKMARK [2][-]{subsection.3.3.1}{How\040to\040add,\040delete\040and\040move\040cells}{section.3.3}% 22
\BOOKMARK [2][-]{subsection.3.3.2}{Change\040the\040type\040of\040a\040cell}{section.3.3}% 23
\BOOKMARK [1][-]{section.3.4}{Execution\040of\040cells}{chapter.3}% 24
\BOOKMARK [2][-]{subsection.3.4.1}{Executing\040python\040code}{section.3.4}% 25
\BOOKMARK [1][-]{section.3.5}{Markdown\040cells\040and\040the\040markdown\040scripting\040language\040in\040Jupyter\040Notebook}{chapter.3}% 26
\BOOKMARK [2][-]{subsection.3.5.1}{Common\040markdown\040commands}{section.3.5}% 27
\BOOKMARK [2][-]{subsection.3.5.2}{Tables\040in\040markdown}{section.3.5}% 28
\BOOKMARK [2][-]{subsection.3.5.3}{Displaying\040code}{section.3.5}% 29
\BOOKMARK [2][-]{subsection.3.5.4}{Rendering\040mathematics\040in\040markdown}{section.3.5}% 30
\BOOKMARK [3][-]{subsubsection*.6}{Complex\040and\040multi-line\040math}{subsection.3.5.4}% 31
\BOOKMARK [2][-]{subsection.3.5.5}{links\040to\040more\040info\040on\040markdown}{section.3.5}% 32
\BOOKMARK [0][-]{chapter.4}{Some\040Python\040basics}{part.2}% 33
\BOOKMARK [1][-]{section.4.1}{Starting\040python\040in\040windows}{chapter.4}% 34
\BOOKMARK [1][-]{section.4.2}{Anaconda\040navigator}{chapter.4}% 35
\BOOKMARK [1][-]{section.4.3}{Python\040packages,\040libraries\040and\040classes}{chapter.4}% 36
\BOOKMARK [1][-]{section.4.4}{Importing\040packages,\040libraries,\040modules\040and\040classes}{chapter.4}% 37
\BOOKMARK [2][-]{subsection.4.4.1}{Import\040specific\040elements\040or\040classes\040from\040a\040module\040or\040library}{section.4.4}% 38
\BOOKMARK [2][-]{subsection.4.4.2}{import\040a\040class\040but\040give\040it\040an\040alias}{section.4.4}% 39
\BOOKMARK [2][-]{subsection.4.4.3}{Standard\040aliases}{section.4.4}% 40
\BOOKMARK [0][-]{chapter.5}{Introduction\040to\040Pandas\040dataframes}{part.2}% 41
\BOOKMARK [1][-]{section.5.1}{Import\040the\040pandas\040library}{chapter.5}% 42
\BOOKMARK [1][-]{section.5.2}{The\040Pandas\040class\040series}{chapter.5}% 43
\BOOKMARK [2][-]{subsection.5.2.1}{Series\040declared\040from\040a\040list}{section.5.2}% 44
\BOOKMARK [2][-]{subsection.5.2.2}{Series\040declared\040using\040a\040specific\040index}{section.5.2}% 45
\BOOKMARK [2][-]{subsection.5.2.3}{Create\040Series\040from\040a\040dictionary}{section.5.2}% 46
\BOOKMARK [1][-]{section.5.3}{Properties\040and\040methods\040of\040DataFrames\040in\040modelflow}{chapter.5}% 47
\BOOKMARK [2][-]{subsection.5.3.1}{DataFrames}{section.5.3}% 48
\BOOKMARK [2][-]{subsection.5.3.2}{Creating\040or\040instantiating\040a\040dataframe}{section.5.3}% 49
\BOOKMARK [2][-]{subsection.5.3.3}{Adding\040a\040column\040to\040a\040dataframe}{section.5.3}% 50
\BOOKMARK [2][-]{subsection.5.3.4}{Revising\040values}{section.5.3}% 51
\BOOKMARK [1][-]{section.5.4}{Column\040names\040in\040Modelflow}{chapter.5}% 52
\BOOKMARK [1][-]{section.5.5}{.index\040and\040time\040dimensions\040in\040Modelflow}{chapter.5}% 53
\BOOKMARK [2][-]{subsection.5.5.1}{Leads\040and\040lags}{section.5.5}% 54
\BOOKMARK [2][-]{subsection.5.5.2}{.columns\040lists\040the\040column\040names\040of\040a\040dataframe}{section.5.5}% 55
\BOOKMARK [2][-]{subsection.5.5.3}{.size\040indicates\040the\040dimension\040of\040a\040list}{section.5.5}% 56
\BOOKMARK [2][-]{subsection.5.5.4}{.eval\(\)\040evaluates\040calculates\040an\040expression\040on\040the\040data\040of\040a\040dataframe}{section.5.5}% 57
\BOOKMARK [2][-]{subsection.5.5.5}{.loc[]\040selects\040a\040portion\040\(slice\)\040of\040a\040dataframe}{section.5.5}% 58
\BOOKMARK [3][-]{subsubsection*.7}{.loc[row,column]\040A\040single\040element}{subsection.5.5.5}% 59
\BOOKMARK [3][-]{subsubsection*.8}{.loc[:,column]\040A\040single\040column}{subsection.5.5.5}% 60
\BOOKMARK [3][-]{subsubsection*.9}{.loc[row,:]\040A\040single\040row}{subsection.5.5.5}% 61
\BOOKMARK [3][-]{subsubsection*.10}{\376\377\000.\000l\000o\000c\000[\000:\000,\000[\000n\000a\000m\000e\000s\040\046\000]\000]\000\040\000S\000e\000v\000e\000r\000a\000l\000\040\000c\000o\000l\000u\000m\000n\000s}{subsection.5.5.5}% 62
\BOOKMARK [3][-]{subsubsection*.11}{.loc\040using\040the\040colon\040to\040select\040a\040range}{subsection.5.5.5}% 63
\BOOKMARK [3][-]{subsubsection*.12}{.loc[]\040can\040also\040be\040used\040on\040the\040left\040hand\040side\040to\040assign\040values\040to\040specific\040cells}{subsection.5.5.5}% 64
\BOOKMARK [0][-]{chapter.6}{Modelflow\040extensions\040to\040pandas}{part.2}% 65
\BOOKMARK [1][-]{section.6.1}{.upd\(\)\040method\040of\040modelflow}{chapter.6}% 66
\BOOKMARK [2][-]{subsection.6.1.1}{.upd\(\)\040method\040operators}{section.6.1}% 67
\BOOKMARK [2][-]{subsection.6.1.2}{.upd\(\)\040some\040examples}{section.6.1}% 68
\BOOKMARK [2][-]{subsection.6.1.3}{Setting\040up\040the\040python\040environment}{section.6.1}% 69
\BOOKMARK [2][-]{subsection.6.1.4}{Use\040.upd\040to\040create\040a\040new\040variable\040\(=\040operator\)}{section.6.1}% 70
\BOOKMARK [2][-]{subsection.6.1.5}{Multiple\040updates\040and\040specific\040time\040periods}{section.6.1}% 71
\BOOKMARK [2][-]{subsection.6.1.6}{Setting\040specific\040datapoints\040to\040specific\040values}{section.6.1}% 72
\BOOKMARK [2][-]{subsection.6.1.7}{Adding\040the\040specified\040values\040to\040all\040values\040in\040a\040range\040\(the\040+\040operator\)}{section.6.1}% 73
\BOOKMARK [2][-]{subsection.6.1.8}{Multiplying\040all\040values\040in\040a\040range\040by\040the\040specified\040values\040\(the\040*\040operator\)}{section.6.1}% 74
\BOOKMARK [2][-]{subsection.6.1.9}{Increasing\040all\040values\040in\040a\040range\040by\040a\040specified\040percent\040amount\040\(the\040\045\040operator\)}{section.6.1}% 75
\BOOKMARK [2][-]{subsection.6.1.10}{Set\040the\040percent\040growth\040rate\040to\040specified\040values\040\(=GROWTH\)}{section.6.1}% 76
\BOOKMARK [2][-]{subsection.6.1.11}{Add\040or\040subtract\040from\040the\040existing\040percent\040growth\040rate\040\(+GROWTH\040operator\)}{section.6.1}% 77
\BOOKMARK [2][-]{subsection.6.1.12}{Set\040the\040change\040in\040a\040variable\040to\040specific\040values\040\(=diff\040operator\)}{section.6.1}% 78
\BOOKMARK [2][-]{subsection.6.1.13}{Recall\040that\040we\040have\040not\040overwritten\040df,\040so\040the\040df\040dataframe\040is\040unchanged.}{section.6.1}% 79
\BOOKMARK [2][-]{subsection.6.1.14}{\376\377\000K\000e\000e\000p\000\040\000g\000r\000o\000w\000t\000h\000\040\000r\000a\000t\000e\000s\000\040\000a\000f\000t\000e\000r\000\040\000t\000h\000e\000\040\000u\000p\000d\000a\000t\000e\000\040\000t\000i\000m\000e\000\040\040\023\000\040\000t\000h\000e\000\040\040\023\000k\000g\000\040\000o\000p\000t\000i\000o\000n}{section.6.1}% 80
\BOOKMARK [3][-]{subsubsection*.13}{The\040default\040keep_growth\040behaviour}{subsection.6.1.14}% 81
\BOOKMARK [2][-]{subsection.6.1.15}{.upd\(,,,keep_growth\)\040some\040more\040examples}{section.6.1}% 82
\BOOKMARK [2][-]{subsection.6.1.16}{Initialize\040a\040new\040dataframe\040First\040make\040a\040dataframe\040with\040some\040growth\040rate}{section.6.1}% 83
\BOOKMARK [2][-]{subsection.6.1.17}{now\040update\040A\040in\0402021\040to\0402023\040to\040a\040new\040value}{section.6.1}% 84
\BOOKMARK [3][-]{subsubsection*.14}{.upd\(\)\040with\040the\040option\040keep_growth\040set\040globally}{subsection.6.1.17}% 85
\BOOKMARK [2][-]{subsection.6.1.18}{Update\040several\040variable\040in\040one\040line}{section.6.1}% 86
\BOOKMARK [2][-]{subsection.6.1.19}{.upd\(,,scale=<number,\040default=1>\)\040Scale\040the\040updates}{section.6.1}% 87
\BOOKMARK [2][-]{subsection.6.1.20}{.upd\(,,lprint=True\040\)\040prints\040values\040the\040before\040and\040after\040update}{section.6.1}% 88
\BOOKMARK [2][-]{subsection.6.1.21}{.upd\(,,create=True\040\)\040Requires\040the\040variable\040to\040exist}{section.6.1}% 89
\BOOKMARK [1][-]{section.6.2}{.mfcalc\(\)\040an\040extension\040of\040standard\040Pandas}{chapter.6}% 90
\BOOKMARK [2][-]{subsection.6.2.1}{workspace\040initialization}{section.6.2}% 91
\BOOKMARK [2][-]{subsection.6.2.2}{Create\040a\040simple\040dataframe}{section.6.2}% 92
\BOOKMARK [2][-]{subsection.6.2.3}{.mfcalc\(\)\040example\040to\040calculate\040a\040new\040series}{section.6.2}% 93
\BOOKMARK [2][-]{subsection.6.2.4}{Storing\040the\040result\040of\040an\040.mfcalc\(\)\040call}{section.6.2}% 94
\BOOKMARK [2][-]{subsection.6.2.5}{Recalculate\040A\040so\040it\040grows\040by\0402\040percent}{section.6.2}% 95
\BOOKMARK [2][-]{subsection.6.2.6}{.mfcalc\(\)\040-\040the\040showeq\040option}{section.6.2}% 96
\BOOKMARK [2][-]{subsection.6.2.7}{Using\040the\040diff\(\)\040operator\040with\040mfcalc}{section.6.2}% 97
\BOOKMARK [2][-]{subsection.6.2.8}{mfcalc\040with\040several\040equations\040and\040arguments}{section.6.2}% 98
\BOOKMARK [2][-]{subsection.6.2.9}{Setting\040a\040time\040frame\040with\040mfcalc.}{section.6.2}% 99
\BOOKMARK [-1][-]{part.3}{III\040Using\040modelflow\040with\040World\040Bank\040models}{}% 100
\BOOKMARK [0][-]{chapter.7}{Using\040modelflow\040with\040World\040Bank\040models}{part.3}% 101
\BOOKMARK [1][-]{section.7.1}{Accessing\040a\040world\040bank\040model}{chapter.7}% 102
\BOOKMARK [1][-]{section.7.2}{Preparing\040your\040python\040environment}{chapter.7}% 103
\BOOKMARK [1][-]{section.7.3}{Working\040with\040PakMod\040under\040modelflow}{chapter.7}% 104
\BOOKMARK [2][-]{subsection.7.3.1}{Load\040a\040pre-existing\040model,\040data\040and\040descriptions}{section.7.3}% 105
\BOOKMARK [2][-]{subsection.7.3.2}{Extracting\040information\040about\040the\040model}{section.7.3}% 106
\BOOKMARK [3][-]{subsubsection*.15}{Some\040examples}{subsection.7.3.2}% 107
\BOOKMARK [3][-]{subsubsection*.16}{Equation\040information\040methods}{subsection.7.3.2}% 108
\BOOKMARK [1][-]{section.7.4}{Behavioural\040equations\040in\040the\040MFMod\040framework}{chapter.7}% 109
\BOOKMARK [2][-]{subsection.7.4.1}{The\040ECM\040specification}{section.7.4}% 110
\BOOKMARK [3][-]{subsubsection*.17}{The\040short\040run\040relationship}{subsection.7.4.1}% 111
\BOOKMARK [3][-]{subsubsection*.18}{The\040long\040run\040equation}{subsection.7.4.1}% 112
\BOOKMARK [2][-]{subsection.7.4.2}{The\040long\040run\040equation\040in\040the\040steady\040state}{section.7.4}% 113
\BOOKMARK [1][-]{section.7.5}{Putting\040it\040together}{chapter.7}% 114
\BOOKMARK [2][-]{subsection.7.5.1}{Lambda,\040the\040speed\040of\040adjustment}{section.7.5}% 115
\BOOKMARK [0][-]{chapter.8}{Scenario\040analysis}{part.3}% 116
\BOOKMARK [1][-]{section.8.1}{Different\040kinds\040of\040simulations}{chapter.8}% 117
\BOOKMARK [2][-]{subsection.8.1.1}{A\040shock\040to\040an\040exogenous\040variable}{section.8.1}% 118
\BOOKMARK [3][-]{subsubsection*.19}{Running\040the\040simulation}{subsection.8.1.1}% 119
\BOOKMARK [4][-]{paragraph*.20}{Results}{subsubsection*.19}% 120
\BOOKMARK [2][-]{subsection.8.1.2}{An\040exogenous\040shock\040to\040a\040Behavioural\040variable}{section.8.1}% 121
\BOOKMARK [2][-]{subsection.8.1.3}{Temporarily\040exogenize\040a\040behavioural\040variable}{section.8.1}% 122
\BOOKMARK [3][-]{subsubsection*.21}{Temporary\040shock\040exogenized\040for\040the\040whole\040period}{subsection.8.1.3}% 123
\BOOKMARK [2][-]{subsection.8.1.4}{Exogenize\040the\040variable\040only\040for\040the\040period\040during\040which\040it\040is\040shocked}{section.8.1}% 124
\BOOKMARK [2][-]{subsection.8.1.5}{Simulation\040with\040Add\040factors}{section.8.1}% 125
\BOOKMARK [3][-]{subsubsection*.22}{Simulating\040the\040impact\040of\040a\040planned\040investment}{subsection.8.1.5}% 126
\BOOKMARK [4][-]{paragraph*.23}{How\040to\040translate\040the\040economic\040shock\040into\040a\040model\040shock}{subsubsection*.22}% 127
\BOOKMARK [4][-]{paragraph*.24}{Determine\040the\040size\040of\040shock}{subsubsection*.22}% 128
\BOOKMARK [4][-]{paragraph*.25}{Identify\040the\040functional\040form\(s\)}{subsubsection*.22}% 129
\BOOKMARK [4][-]{paragraph*.26}{Calculate\040the\040size\040of\040the\040required\040add\040factor\040shock}{subsubsection*.22}% 130
\BOOKMARK [4][-]{paragraph*.27}{Run\040the\040shock}{subsubsection*.22}% 131
\BOOKMARK [0][-]{chapter.9}{Report\040writing\040and\040scenario\040results}{part.3}% 132
\BOOKMARK [1][-]{section.9.1}{The\040Keep\040option}{chapter.9}% 133
\BOOKMARK [1][-]{section.9.2}{The\040.keep_plot\(\)\040method}{chapter.9}% 134
\BOOKMARK [2][-]{subsection.9.2.1}{keep_plot\(\)\040options}{section.9.2}% 135
\BOOKMARK [2][-]{subsection.9.2.2}{An\040example\040using\040the\040diff=TRUE\040option}{section.9.2}% 136
\BOOKMARK [2][-]{subsection.9.2.3}{The\040showtype\040option}{section.9.2}% 137
\BOOKMARK [2][-]{subsection.9.2.4}{The\040diffpct\040option}{section.9.2}% 138
\BOOKMARK [3][-]{subsubsection*.28}{Differences\040in\040percent\040of\040baseline\040values}{subsection.9.2.4}% 139
\BOOKMARK [2][-]{subsection.9.2.5}{The\040.keep_switch\(\)\040method}{section.9.2}% 140
\BOOKMARK [2][-]{subsection.9.2.6}{The\040results\040visualization\040widget\040view}{section.9.2}% 141
\BOOKMARK [-1][-]{part.4}{IV\040More\040modelflow\040features}{}% 142
\BOOKMARK [0][-]{chapter.10}{The\040model\040widget\040class}{part.4}% 143
\BOOKMARK [1][-]{section.10.1}{The\040.html_widget_df\(\)\040method}{chapter.10}% 144
\BOOKMARK [2][-]{subsection.10.1.1}{List\040of\040fixed\040variables}{section.10.1}% 145
\BOOKMARK [2][-]{subsection.10.1.2}{Show\040the\040equations\040for\040the\040.calc_add_factor_model}{section.10.1}% 146
\BOOKMARK [-1][-]{part.5}{V\040References}{}% 147
\BOOKMARK [0][-]{chapter*.29}{Bibliography}{part.5}% 148
